[21Sep2023 00:02:15.912] [Render thread/WARN] [net.minecraft.client.multiplayer.ClientPacketListener/]: Received passengers for unknown entity
[21Sep2023 00:02:20.523] [Render thread/INFO] [net.minecraft.advancements.AdvancementList/]: Loaded 80 advancements
[21Sep2023 00:02:26.209] [Server thread/INFO] [net.minecraft.client.server.IntegratedServer/]: Saving and pausing game...
[21Sep2023 00:02:26.215] [Server thread/INFO] [net.minecraft.server.MinecraftServer/]: Saving chunks for level 'ServerLevel[Test]'/minecraft:overworld
[21Sep2023 00:02:26.222] [Server thread/INFO] [net.minecraft.server.MinecraftServer/]: Saving chunks for level 'ServerLevel[Test]'/minecraft:the_nether
[21Sep2023 00:02:26.223] [Server thread/INFO] [net.minecraft.server.MinecraftServer/]: Saving chunks for level 'ServerLevel[Test]'/der_robert:classic_sky_dimension
[21Sep2023 00:02:26.224] [Server thread/INFO] [net.minecraft.server.MinecraftServer/]: Saving chunks for level 'ServerLevel[Test]'/der_robert:not_nether_dimension
[21Sep2023 00:02:26.230] [Server thread/INFO] [net.minecraft.server.MinecraftServer/]: Saving chunks for level 'ServerLevel[Test]'/minecraft:the_end
[21Sep2023 00:02:32.626] [Worker-Main-2/ERROR] [net.minecraft.world.level.levelgen.feature.MonsterRoomFeature/]: Failed to fetch mob spawner entity at (287, 123, -363)
[21Sep2023 00:02:34.153] [Worker-Main-16/ERROR] [net.minecraft.world.level.levelgen.feature.MonsterRoomFeature/]: Failed to fetch mob spawner entity at (293, 123, -261)
[21Sep2023 00:02:37.087] [Worker-Main-15/ERROR] [net.minecraft.world.level.levelgen.feature.MonsterRoomFeature/]: Failed to fetch mob spawner entity at (329, 123, -385)
[21Sep2023 00:02:55.639] [Server thread/INFO] [net.minecraft.server.MinecraftServer/]: [Dev: Teleported Dev to 1000.500000, 200.000000, 1000.500000]
[21Sep2023 00:02:55.642] [Render thread/INFO] [net.minecraft.client.gui.components.ChatComponent/]: [System] [CHAT] Teleported Dev to 1000.500000, 200.000000, 1000.500000
[21Sep2023 00:03:04.070] [Server thread/WARN] [net.minecraft.server.MinecraftServer/]: Can't keep up! Is the server overloaded? Running 2812ms or 56 ticks behind
[21Sep2023 00:03:26.755] [Worker-Main-15/ERROR] [net.minecraft.world.level.levelgen.feature.MonsterRoomFeature/]: Failed to fetch mob spawner entity at (1210, 123, 842)
[21Sep2023 00:04:49.575] [Server thread/INFO] [net.minecraft.server.MinecraftServer/]: [Dev: Teleported Dev to 2000.500000, 200.000000, 2000.500000]
[21Sep2023 00:04:49.575] [Render thread/INFO] [net.minecraft.client.gui.components.ChatComponent/]: [System] [CHAT] Teleported Dev to 2000.500000, 200.000000, 2000.500000
[21Sep2023 00:06:05.458] [Server thread/INFO] [net.minecraft.client.server.IntegratedServer/]: Saving and pausing game...
[21Sep2023 00:06:05.464] [Server thread/INFO] [net.minecraft.server.MinecraftServer/]: Saving chunks for level 'ServerLevel[Test]'/minecraft:overworld
[21Sep2023 00:06:05.468] [Server thread/INFO] [net.minecraft.server.MinecraftServer/]: Saving chunks for level 'ServerLevel[Test]'/minecraft:the_nether
[21Sep2023 00:06:05.469] [Server thread/INFO] [net.minecraft.server.MinecraftServer/]: Saving chunks for level 'ServerLevel[Test]'/der_robert:classic_sky_dimension
[21Sep2023 00:06:05.470] [Server thread/INFO] [net.minecraft.server.MinecraftServer/]: Saving chunks for level 'ServerLevel[Test]'/der_robert:not_nether_dimension
[21Sep2023 00:06:05.480] [Server thread/INFO] [net.minecraft.server.MinecraftServer/]: Saving chunks for level 'ServerLevel[Test]'/minecraft:the_end
[21Sep2023 00:06:05.984] [Server thread/INFO] [net.minecraft.server.network.ServerGamePacketListenerImpl/]: Dev lost connection: Disconnected
[21Sep2023 00:06:05.984] [Server thread/INFO] [net.minecraft.server.MinecraftServer/]: Dev left the game
[21Sep2023 00:06:05.991] [Server thread/INFO] [net.minecraft.server.network.ServerGamePacketListenerImpl/]: Stopping singleplayer server as player logged out
[21Sep2023 00:06:06.017] [Server thread/INFO] [net.minecraft.server.MinecraftServer/]: Stopping server
[21Sep2023 00:06:06.017] [Server thread/INFO] [net.minecraft.server.MinecraftServer/]: Saving players
[21Sep2023 00:06:06.017] [Server thread/INFO] [net.minecraft.server.MinecraftServer/]: Saving worlds
[21Sep2023 00:06:06.595] [Server thread/INFO] [net.minecraft.server.MinecraftServer/]: Saving chunks for level 'ServerLevel[Test]'/minecraft:overworld
[21Sep2023 00:06:06.812] [Server thread/INFO] [net.minecraft.server.MinecraftServer/]: Saving chunks for level 'ServerLevel[Test]'/minecraft:the_nether
[21Sep2023 00:06:06.813] [Server thread/INFO] [net.minecraft.server.MinecraftServer/]: Saving chunks for level 'ServerLevel[Test]'/der_robert:classic_sky_dimension
[21Sep2023 00:06:06.814] [Server thread/INFO] [net.minecraft.server.MinecraftServer/]: Saving chunks for level 'ServerLevel[Test]'/der_robert:not_nether_dimension
[21Sep2023 00:06:07.283] [Server thread/INFO] [net.minecraft.server.MinecraftServer/]: Saving chunks for level 'ServerLevel[Test]'/minecraft:the_end
[21Sep2023 00:06:07.384] [Server thread/INFO] [net.minecraft.server.MinecraftServer/]: ThreadedAnvilChunkStorage (Test): All chunks are saved
[21Sep2023 00:06:07.385] [Server thread/INFO] [net.minecraft.server.MinecraftServer/]: ThreadedAnvilChunkStorage (DIM-1): All chunks are saved
[21Sep2023 00:06:07.385] [Server thread/INFO] [net.minecraft.server.MinecraftServer/]: ThreadedAnvilChunkStorage (classic_sky_dimension): All chunks are saved
[21Sep2023 00:06:07.385] [Server thread/INFO] [net.minecraft.server.MinecraftServer/]: ThreadedAnvilChunkStorage (not_nether_dimension): All chunks are saved
[21Sep2023 00:06:07.385] [Server thread/INFO] [net.minecraft.server.MinecraftServer/]: ThreadedAnvilChunkStorage (DIM1): All chunks are saved
[21Sep2023 00:06:07.385] [Server thread/INFO] [net.minecraft.server.MinecraftServer/]: ThreadedAnvilChunkStorage: All dimensions are saved
[21Sep2023 00:06:08.504] [Render thread/INFO] [net.minecraft.client.Minecraft/]: Stopping!
